Using pre-set license
Built from '2021.3/staging' branch; Version is '2021.3.15f1 (e8e88683f834) revision 15263878'; Using compiler version '192829333'; Build Type 'Release'
OS: 'Windows 10  (10.0.19045) 64bit Professional' Language: 'ru' Physical Memory: 16336 MB
BatchMode: 1, IsHumanControllingUs: 0, StartBugReporterOnCrash: 0, Is64bit: 1, IsPro: 1

COMMAND LINE ARGUMENTS:
D:\Programs\Unity\2021.3.15f1\Editor\Unity.exe
-adb2
-batchMode
-noUpm
-name
AssetImportWorker2
-projectPath
D:/Dima/Programming/Unity/Low Poly shooter/DrivingSimulator
-logFile
Logs/AssetImportWorker2.log
-srvPort
50958
Successfully changed project path to: D:/Dima/Programming/Unity/Low Poly shooter/DrivingSimulator
D:/Dima/Programming/Unity/Low Poly shooter/DrivingSimulator
[UnityMemory] Configuration Parameters - Can be set up in boot.config
    "memorysetup-bucket-allocator-granularity=16"
    "memorysetup-bucket-allocator-bucket-count=8"
    "memorysetup-bucket-allocator-block-size=33554432"
    "memorysetup-bucket-allocator-block-count=8"
    "memorysetup-main-allocator-block-size=16777216"
    "memorysetup-thread-allocator-block-size=16777216"
    "memorysetup-gfx-main-allocator-block-size=16777216"
    "memorysetup-gfx-thread-allocator-block-size=16777216"
    "memorysetup-cache-allocator-block-size=4194304"
    "memorysetup-typetree-allocator-block-size=2097152"
    "memorysetup-profiler-bucket-allocator-granularity=16"
    "memorysetup-profiler-bucket-allocator-bucket-count=8"
    "memorysetup-profiler-bucket-allocator-block-size=33554432"
    "memorysetup-profiler-bucket-allocator-block-count=8"
    "memorysetup-profiler-allocator-block-size=16777216"
    "memorysetup-profiler-editor-allocator-block-size=1048576"
    "memorysetup-temp-allocator-size-main=16777216"
    "memorysetup-job-temp-allocator-block-size=2097152"
    "memorysetup-job-temp-allocator-block-size-background=1048576"
    "memorysetup-job-temp-allocator-reduction-small-platforms=262144"
    "memorysetup-temp-allocator-size-background-worker=32768"
    "memorysetup-temp-allocator-size-job-worker=262144"
    "memorysetup-temp-allocator-size-preload-manager=33554432"
    "memorysetup-temp-allocator-size-nav-mesh-worker=65536"
    "memorysetup-temp-allocator-size-audio-worker=65536"
    "memorysetup-temp-allocator-size-cloud-worker=32768"
    "memorysetup-temp-allocator-size-gi-baking-worker=262144"
    "memorysetup-temp-allocator-size-gfx=262144"
Player connection [22912] Host "[IP] 192.168.0.103 [Port] 0 [Flags] 2 [Guid] 331217161 [EditorId] 331217161 [Version] 1048832 [Id] WindowsEditor(7,DESKTOP-T42B26H) [Debug] 1 [PackageName] WindowsEditor [ProjectName] Editor" joined multi-casting on [225.0.0.222:54997]...

Player connection [22912] Host "[IP] 192.168.0.103 [Port] 0 [Flags] 2 [Guid] 331217161 [EditorId] 331217161 [Version] 1048832 [Id] WindowsEditor(7,DESKTOP-T42B26H) [Debug] 1 [PackageName] WindowsEditor [ProjectName] Editor" joined alternative multi-casting on [225.0.0.222:34997]...

Refreshing native plugins compatible for Editor in 101.04 ms, found 3 plugins.
Preloading 0 native plugins for Editor in 0.00 ms.
Initialize engine version: 2021.3.15f1 (e8e88683f834)
[Subsystems] Discovering subsystems at path D:/Programs/Unity/2021.3.15f1/Editor/Data/Resources/UnitySubsystems
[Subsystems] Discovering subsystems at path D:/Dima/Programming/Unity/Low Poly shooter/DrivingSimulator/Assets
GfxDevice: creating device client; threaded=0; jobified=0
Direct3D:
    Version:  Direct3D 11.0 [level 11.1]
    Renderer: NVIDIA GeForce GTX 1660 Ti (ID=0x2182)
    Vendor:   NVIDIA
    VRAM:     5979 MB
    Driver:   31.0.15.2698
Initialize mono
Mono path[0] = 'D:/Programs/Unity/2021.3.15f1/Editor/Data/Managed'
Mono path[1] = 'D:/Programs/Unity/2021.3.15f1/Editor/Data/MonoBleedingEdge/lib/mono/unityjit-win32'
Mono config path = 'D:/Programs/Unity/2021.3.15f1/Editor/Data/MonoBleedingEdge/etc'
Using monoOptions --debugger-agent=transport=dt_socket,embedding=1,server=y,suspend=n,address=127.0.0.1:56680
Begin MonoManager ReloadAssembly
Registering precompiled unity dll's ...
Register platform support module: D:/Programs/Unity/2021.3.15f1/Editor/Data/PlaybackEngines/WindowsStandaloneSupport/UnityEditor.WindowsStandalone.Extensions.dll
Registered in 0.004010 seconds.
Native extension for WindowsStandalone target not found
Refreshing native plugins compatible for Editor in 112.31 ms, found 3 plugins.
Preloading 0 native plugins for Editor in 0.00 ms.
Mono: successfully reloaded assembly
- Completed reload, in  1.001 seconds
Domain Reload Profiling:
	ReloadAssembly (1002ms)
		BeginReloadAssembly (108ms)
			ExecutionOrderSort (0ms)
			DisableScriptedObjects (0ms)
			BackupInstance (0ms)
			ReleaseScriptingObjects (0ms)
			CreateAndSetChildDomain (1ms)
		EndReloadAssembly (723ms)
			LoadAssemblies (107ms)
			RebuildTransferFunctionScriptingTraits (0ms)
			SetupTypeCache (134ms)
			ReleaseScriptCaches (0ms)
			RebuildScriptCaches (52ms)
			SetupLoadedEditorAssemblies (458ms)
				LogAssemblyErrors (0ms)
				InitializePlatformSupportModulesInManaged (12ms)
				SetLoadedEditorAssemblies (0ms)
				RefreshPlugins (112ms)
				BeforeProcessingInitializeOnLoad (2ms)
				ProcessInitializeOnLoadAttributes (262ms)
				ProcessInitializeOnLoadMethodAttributes (69ms)
				AfterProcessingInitializeOnLoad (0ms)
				EditorAssembliesLoaded (0ms)
			ExecutionOrderSort2 (0ms)
			AwakeInstancesAfterBackupRestoration (0ms)
Platform modules already initialized, skipping
Registering precompiled user dll's ...
Registered in 0.005267 seconds.
Begin MonoManager ReloadAssembly
Symbol file LoadedFromMemory doesn't match image D:\Dima\Programming\Unity\Low Poly shooter\DrivingSimulator\Library\PackageCache\com.unity.visualscripting@1.7.8\Editor\VisualScripting.Core\Dependencies\YamlDotNet\Unity.VisualScripting.YamlDotNet.dll
Symbol file LoadedFromMemory doesn't match image D:\Dima\Programming\Unity\Low Poly shooter\DrivingSimulator\Library\PackageCache\com.unity.visualscripting@1.7.8\Editor\VisualScripting.Core\Dependencies\DotNetZip\Unity.VisualScripting.IonicZip.dll
Native extension for WindowsStandalone target not found
Refreshing native plugins compatible for Editor in 0.67 ms, found 3 plugins.
Preloading 0 native plugins for Editor in 0.00 ms.
Mono: successfully reloaded assembly
- Completed reload, in  1.222 seconds
Domain Reload Profiling:
	ReloadAssembly (1223ms)
		BeginReloadAssembly (133ms)
			ExecutionOrderSort (0ms)
			DisableScriptedObjects (9ms)
			BackupInstance (0ms)
			ReleaseScriptingObjects (0ms)
			CreateAndSetChildDomain (24ms)
		EndReloadAssembly (958ms)
			LoadAssemblies (94ms)
			RebuildTransferFunctionScriptingTraits (0ms)
			SetupTypeCache (316ms)
			ReleaseScriptCaches (1ms)
			RebuildScriptCaches (68ms)
			SetupLoadedEditorAssemblies (440ms)
				LogAssemblyErrors (0ms)
				InitializePlatformSupportModulesInManaged (6ms)
				SetLoadedEditorAssemblies (1ms)
				RefreshPlugins (1ms)
				BeforeProcessingInitializeOnLoad (98ms)
				ProcessInitializeOnLoadAttributes (301ms)
				ProcessInitializeOnLoadMethodAttributes (29ms)
				AfterProcessingInitializeOnLoad (4ms)
				EditorAssembliesLoaded (0ms)
			ExecutionOrderSort2 (0ms)
			AwakeInstancesAfterBackupRestoration (6ms)
Platform modules already initialized, skipping
========================================================================
Worker process is ready to serve import requests
Launched and connected shader compiler UnityShaderCompiler.exe after 0.07 seconds
Refreshing native plugins compatible for Editor in 0.67 ms, found 3 plugins.
Preloading 0 native plugins for Editor in 0.00 ms.
Unloading 3395 Unused Serialized files (Serialized files now loaded: 0)
Unloading 27 unused Assets / (113.7 KB). Loaded Objects now: 3862.
Memory consumption went from 122.9 MB to 122.8 MB.
Total: 3.740000 ms (FindLiveObjects: 0.341800 ms CreateObjectMapping: 0.102500 ms MarkObjects: 3.165800 ms  DeleteObjects: 0.128700 ms)

AssetImportParameters requested are different than current active one (requested -> active):
  custom:video-decoder-ogg-theora: a1e56fd34408186e4bbccfd4996cb3dc -> 
  custom:container-muxer-webm: aa71ff27fc2769a1b78a27578f13a17b -> 
  custom:container-demuxer-webm: 4f35f7cbe854078d1ac9338744f61a02 -> 
  custom:video-encoder-webm-vp8: eb34c28f22e8b96e1ab97ce403110664 -> 
  custom:audio-encoder-webm-vorbis: bf7c407c2cedff20999df2af8eb42d56 -> 
  custom:framework-win-MediaFoundation: 216162199b28c13a410421893ffa2e32 -> 
  custom:container-demuxer-ogg: 62fdf1f143b41e24485cea50d1cbac27 -> 
  custom:video-decoder-webm-vp8: 9c59270c3fd7afecdb556c50c9e8de78 -> 
  custom:audio-decoder-ogg-vorbis: bf7c407c2cedff20999df2af8eb42d56 -> 
========================================================================
Received Import Request.
  Time since last request: 30885.096314 seconds.
  path: Assets/Prefab/Roads/RoadSegment.prefab
  artifactKey: Guid(7fc0957e9122a2048a13d36a4d399298) Importer(815301076,1909f56bfc062723c751e8b465ee728b)
Start importing Assets/Prefab/Roads/RoadSegment.prefab using Guid(7fc0957e9122a2048a13d36a4d399298) Importer(815301076,1909f56bfc062723c751e8b465ee728b)  -> (artifact id: '4f843a7c338fae8f851fea357f75eaef') in 0.325589 seconds 
========================================================================
Received Import Request.
  Time since last request: 1.414100 seconds.
  path: Assets/Prefab/Roads/RoadSegment.prefab
  artifactKey: Guid(7fc0957e9122a2048a13d36a4d399298) Importer(815301076,1909f56bfc062723c751e8b465ee728b)
Start importing Assets/Prefab/Roads/RoadSegment.prefab using Guid(7fc0957e9122a2048a13d36a4d399298) Importer(815301076,1909f56bfc062723c751e8b465ee728b)  -> (artifact id: '811a82a818e0fffd5680bfe124e9fe2d') in 0.051537 seconds 
========================================================================
Received Import Request.
  Time since last request: 0.000036 seconds.
  path: Assets/Prefab/Roads/RoadSegmentWithTrigger3.prefab
  artifactKey: Guid(ccd74c9b8c95d244f8110485bc0481a9) Importer(815301076,1909f56bfc062723c751e8b465ee728b)
Start importing Assets/Prefab/Roads/RoadSegmentWithTrigger3.prefab using Guid(ccd74c9b8c95d244f8110485bc0481a9) Importer(815301076,1909f56bfc062723c751e8b465ee728b)  -> (artifact id: 'b9472549b4eef12dfe375d33f3e99896') in 0.056538 seconds 
========================================================================
Received Import Request.
  Time since last request: 1.248537 seconds.
  path: Assets/Prefab/Roads/RoadSegment.prefab
  artifactKey: Guid(7fc0957e9122a2048a13d36a4d399298) Importer(815301076,1909f56bfc062723c751e8b465ee728b)
Start importing Assets/Prefab/Roads/RoadSegment.prefab using Guid(7fc0957e9122a2048a13d36a4d399298) Importer(815301076,1909f56bfc062723c751e8b465ee728b)  -> (artifact id: 'e4e72a6d86cf51f4a7d13a18f2e683ca') in 0.035290 seconds 
========================================================================
Received Import Request.
  Time since last request: 0.000027 seconds.
  path: Assets/Prefab/Roads/RoadSegmentWithTrigger4.prefab
  artifactKey: Guid(3aece862a3ae4e54ba1b6c9c1fb752bc) Importer(815301076,1909f56bfc062723c751e8b465ee728b)
Start importing Assets/Prefab/Roads/RoadSegmentWithTrigger4.prefab using Guid(3aece862a3ae4e54ba1b6c9c1fb752bc) Importer(815301076,1909f56bfc062723c751e8b465ee728b)  -> (artifact id: '2fdecd004d1a20d58f964308b359cd2e') in 0.060487 seconds 
========================================================================
Received Import Request.
  Time since last request: 1.430061 seconds.
  path: Assets/Prefab/Roads/RoadSegment.prefab
  artifactKey: Guid(7fc0957e9122a2048a13d36a4d399298) Importer(815301076,1909f56bfc062723c751e8b465ee728b)
Start importing Assets/Prefab/Roads/RoadSegment.prefab using Guid(7fc0957e9122a2048a13d36a4d399298) Importer(815301076,1909f56bfc062723c751e8b465ee728b)  -> (artifact id: '9e1391bb23997e744e772b2c37acde3d') in 0.035521 seconds 
========================================================================
Received Import Request.
  Time since last request: 0.000028 seconds.
  path: Assets/Prefab/Roads/RoadSegmentWithTrigger4.prefab
  artifactKey: Guid(3aece862a3ae4e54ba1b6c9c1fb752bc) Importer(815301076,1909f56bfc062723c751e8b465ee728b)
Start importing Assets/Prefab/Roads/RoadSegmentWithTrigger4.prefab using Guid(3aece862a3ae4e54ba1b6c9c1fb752bc) Importer(815301076,1909f56bfc062723c751e8b465ee728b)  -> (artifact id: '1c57c3d9c559c869b623de810934a574') in 0.047492 seconds 
========================================================================
Received Import Request.
  Time since last request: 1.821196 seconds.
  path: Assets/Prefab/Roads/RoadSegment.prefab
  artifactKey: Guid(7fc0957e9122a2048a13d36a4d399298) Importer(815301076,1909f56bfc062723c751e8b465ee728b)
Start importing Assets/Prefab/Roads/RoadSegment.prefab using Guid(7fc0957e9122a2048a13d36a4d399298) Importer(815301076,1909f56bfc062723c751e8b465ee728b)  -> (artifact id: 'c02ac6fd12a8aa6b76523529b4bb9969') in 0.032772 seconds 
========================================================================
Received Import Request.
  Time since last request: 0.000024 seconds.
  path: Assets/Prefab/Roads/RoadSegmentWithTrigger4.prefab
  artifactKey: Guid(3aece862a3ae4e54ba1b6c9c1fb752bc) Importer(815301076,1909f56bfc062723c751e8b465ee728b)
Start importing Assets/Prefab/Roads/RoadSegmentWithTrigger4.prefab using Guid(3aece862a3ae4e54ba1b6c9c1fb752bc) Importer(815301076,1909f56bfc062723c751e8b465ee728b)  -> (artifact id: 'cb23d16e0045b9ef454fc46e95ef268a') in 0.044246 seconds 
========================================================================
Received Import Request.
  Time since last request: 0.864176 seconds.
  path: Assets/Prefab/Roads/RoadSegment.prefab
  artifactKey: Guid(7fc0957e9122a2048a13d36a4d399298) Importer(815301076,1909f56bfc062723c751e8b465ee728b)
Start importing Assets/Prefab/Roads/RoadSegment.prefab using Guid(7fc0957e9122a2048a13d36a4d399298) Importer(815301076,1909f56bfc062723c751e8b465ee728b)  -> (artifact id: '21c94a5628414e8a9dfdcc9389abc506') in 0.038318 seconds 
========================================================================
Received Import Request.
  Time since last request: 0.000028 seconds.
  path: Assets/Prefab/Roads/RoadSegmentWithTrigger4.prefab
  artifactKey: Guid(3aece862a3ae4e54ba1b6c9c1fb752bc) Importer(815301076,1909f56bfc062723c751e8b465ee728b)
Start importing Assets/Prefab/Roads/RoadSegmentWithTrigger4.prefab using Guid(3aece862a3ae4e54ba1b6c9c1fb752bc) Importer(815301076,1909f56bfc062723c751e8b465ee728b)  -> (artifact id: '92f28194339c303fd5967c6cb8bd71fe') in 0.044565 seconds 
========================================================================
Received Import Request.
  Time since last request: 1.166048 seconds.
  path: Assets/Prefab/Roads/RoadSegment.prefab
  artifactKey: Guid(7fc0957e9122a2048a13d36a4d399298) Importer(815301076,1909f56bfc062723c751e8b465ee728b)
Start importing Assets/Prefab/Roads/RoadSegment.prefab using Guid(7fc0957e9122a2048a13d36a4d399298) Importer(815301076,1909f56bfc062723c751e8b465ee728b)  -> (artifact id: 'c81bbbc49b967c017135ca9acf8fc42d') in 0.101001 seconds 
========================================================================
Received Import Request.
  Time since last request: 0.000030 seconds.
  path: Assets/Prefab/Roads/RoadSegmentWithTrigger2.prefab
  artifactKey: Guid(de5e8e121dfecee45acbcdb116a67384) Importer(815301076,1909f56bfc062723c751e8b465ee728b)
Start importing Assets/Prefab/Roads/RoadSegmentWithTrigger2.prefab using Guid(de5e8e121dfecee45acbcdb116a67384) Importer(815301076,1909f56bfc062723c751e8b465ee728b)  -> (artifact id: 'fabd1d67e97b66f29276907be056c3b1') in 0.038557 seconds 
========================================================================
Received Import Request.
  Time since last request: 6.410921 seconds.
  path: Assets/Prefab/Roads/RoadSegment.prefab
  artifactKey: Guid(7fc0957e9122a2048a13d36a4d399298) Importer(815301076,1909f56bfc062723c751e8b465ee728b)
Start importing Assets/Prefab/Roads/RoadSegment.prefab using Guid(7fc0957e9122a2048a13d36a4d399298) Importer(815301076,1909f56bfc062723c751e8b465ee728b)  -> (artifact id: '56579598af9e0c5915b02fafcacf420d') in 0.054817 seconds 
========================================================================
Received Import Request.
  Time since last request: 0.000039 seconds.
  path: Assets/Prefab/Roads/RoadSegmentWithTrigger4.prefab
  artifactKey: Guid(3aece862a3ae4e54ba1b6c9c1fb752bc) Importer(815301076,1909f56bfc062723c751e8b465ee728b)
Start importing Assets/Prefab/Roads/RoadSegmentWithTrigger4.prefab using Guid(3aece862a3ae4e54ba1b6c9c1fb752bc) Importer(815301076,1909f56bfc062723c751e8b465ee728b)  -> (artifact id: 'fa13a780f8e988c13eff988607ecafcf') in 0.069138 seconds 
========================================================================
Received Import Request.
  Time since last request: 2.262257 seconds.
  path: Assets/Prefab/Roads/RoadSegment.prefab
  artifactKey: Guid(7fc0957e9122a2048a13d36a4d399298) Importer(815301076,1909f56bfc062723c751e8b465ee728b)
Start importing Assets/Prefab/Roads/RoadSegment.prefab using Guid(7fc0957e9122a2048a13d36a4d399298) Importer(815301076,1909f56bfc062723c751e8b465ee728b)  -> (artifact id: 'a30ed29f7029fac1b09a9869350274b3') in 0.064591 seconds 
========================================================================
Received Import Request.
  Time since last request: 0.000025 seconds.
  path: Assets/Prefab/Roads/RoadSegmentWithTrigger2.prefab
  artifactKey: Guid(de5e8e121dfecee45acbcdb116a67384) Importer(815301076,1909f56bfc062723c751e8b465ee728b)
Start importing Assets/Prefab/Roads/RoadSegmentWithTrigger2.prefab using Guid(de5e8e121dfecee45acbcdb116a67384) Importer(815301076,1909f56bfc062723c751e8b465ee728b)  -> (artifact id: 'c079ef4e415445be42b3fdd80cea20c5') in 0.050606 seconds 
========================================================================
Received Import Request.
  Time since last request: 1.411380 seconds.
  path: Assets/Prefab/Roads/RoadSegment.prefab
  artifactKey: Guid(7fc0957e9122a2048a13d36a4d399298) Importer(815301076,1909f56bfc062723c751e8b465ee728b)
Start importing Assets/Prefab/Roads/RoadSegment.prefab using Guid(7fc0957e9122a2048a13d36a4d399298) Importer(815301076,1909f56bfc062723c751e8b465ee728b)  -> (artifact id: 'e379fb90df8bc88381f666b483f2429a') in 0.045397 seconds 
========================================================================
Received Import Request.
  Time since last request: 0.000030 seconds.
  path: Assets/Prefab/Roads/RoadSegmentWithTrigger4.prefab
  artifactKey: Guid(3aece862a3ae4e54ba1b6c9c1fb752bc) Importer(815301076,1909f56bfc062723c751e8b465ee728b)
Start importing Assets/Prefab/Roads/RoadSegmentWithTrigger4.prefab using Guid(3aece862a3ae4e54ba1b6c9c1fb752bc) Importer(815301076,1909f56bfc062723c751e8b465ee728b)  -> (artifact id: '12e50bf0295a4ff5be6a7374808259c1') in 0.070914 seconds 
========================================================================
Received Import Request.
  Time since last request: 3.031301 seconds.
  path: Assets/Prefab/Roads/RoadSegment.prefab
  artifactKey: Guid(7fc0957e9122a2048a13d36a4d399298) Importer(815301076,1909f56bfc062723c751e8b465ee728b)
Start importing Assets/Prefab/Roads/RoadSegment.prefab using Guid(7fc0957e9122a2048a13d36a4d399298) Importer(815301076,1909f56bfc062723c751e8b465ee728b)  -> (artifact id: '0388167b86e397171381af764004daee') in 0.033783 seconds 
========================================================================
Received Import Request.
  Time since last request: 0.000034 seconds.
  path: Assets/Prefab/Roads/RoadSegmentWithTrigger4.prefab
  artifactKey: Guid(3aece862a3ae4e54ba1b6c9c1fb752bc) Importer(815301076,1909f56bfc062723c751e8b465ee728b)
Start importing Assets/Prefab/Roads/RoadSegmentWithTrigger4.prefab using Guid(3aece862a3ae4e54ba1b6c9c1fb752bc) Importer(815301076,1909f56bfc062723c751e8b465ee728b)  -> (artifact id: '57938a95740577825e54190150247627') in 0.040013 seconds 
========================================================================
Received Import Request.
  Time since last request: 5.262401 seconds.
  path: Assets/Prefab/Roads/RoadSegment.prefab
  artifactKey: Guid(7fc0957e9122a2048a13d36a4d399298) Importer(815301076,1909f56bfc062723c751e8b465ee728b)
Start importing Assets/Prefab/Roads/RoadSegment.prefab using Guid(7fc0957e9122a2048a13d36a4d399298) Importer(815301076,1909f56bfc062723c751e8b465ee728b)  -> (artifact id: 'f4373e98935eb7190be2255796c349ef') in 0.033888 seconds 
========================================================================
Received Import Request.
  Time since last request: 0.000025 seconds.
  path: Assets/Prefab/Roads/RoadSegmentWithTrigger4.prefab
  artifactKey: Guid(3aece862a3ae4e54ba1b6c9c1fb752bc) Importer(815301076,1909f56bfc062723c751e8b465ee728b)
Start importing Assets/Prefab/Roads/RoadSegmentWithTrigger4.prefab using Guid(3aece862a3ae4e54ba1b6c9c1fb752bc) Importer(815301076,1909f56bfc062723c751e8b465ee728b)  -> (artifact id: 'c4e62ef29fb12612d28755f5f566dac6') in 0.048787 seconds 
========================================================================
Received Import Request.
  Time since last request: 2.606594 seconds.
  path: Assets/Prefab/Roads/RoadSegment.prefab
  artifactKey: Guid(7fc0957e9122a2048a13d36a4d399298) Importer(815301076,1909f56bfc062723c751e8b465ee728b)
Start importing Assets/Prefab/Roads/RoadSegment.prefab using Guid(7fc0957e9122a2048a13d36a4d399298) Importer(815301076,1909f56bfc062723c751e8b465ee728b)  -> (artifact id: 'b2b4960fbf86787b984e6b709b096e45') in 0.093593 seconds 
========================================================================
Received Import Request.
  Time since last request: 0.000044 seconds.
  path: Assets/Prefab/Roads/RoadSegmentWithTrigger3.prefab
  artifactKey: Guid(ccd74c9b8c95d244f8110485bc0481a9) Importer(815301076,1909f56bfc062723c751e8b465ee728b)
Start importing Assets/Prefab/Roads/RoadSegmentWithTrigger3.prefab using Guid(ccd74c9b8c95d244f8110485bc0481a9) Importer(815301076,1909f56bfc062723c751e8b465ee728b)  -> (artifact id: 'df6c8a726fd02c00d901d76aa4c0bdea') in 0.059256 seconds 
========================================================================
Received Import Request.
  Time since last request: 2.524757 seconds.
  path: Assets/Prefab/Roads/RoadSegment.prefab
  artifactKey: Guid(7fc0957e9122a2048a13d36a4d399298) Importer(815301076,1909f56bfc062723c751e8b465ee728b)
Start importing Assets/Prefab/Roads/RoadSegment.prefab using Guid(7fc0957e9122a2048a13d36a4d399298) Importer(815301076,1909f56bfc062723c751e8b465ee728b)  -> (artifact id: '94f1b3246d4360d6040a6c9cbae18fb5') in 0.052993 seconds 
========================================================================
Received Import Request.
  Time since last request: 0.000023 seconds.
  path: Assets/Prefab/Roads/RoadSegmentWithTrigger3.prefab
  artifactKey: Guid(ccd74c9b8c95d244f8110485bc0481a9) Importer(815301076,1909f56bfc062723c751e8b465ee728b)
Start importing Assets/Prefab/Roads/RoadSegmentWithTrigger3.prefab using Guid(ccd74c9b8c95d244f8110485bc0481a9) Importer(815301076,1909f56bfc062723c751e8b465ee728b)  -> (artifact id: 'cedf993f3f8681940abb4e92782d0e22') in 0.046401 seconds 
========================================================================
Received Import Request.
  Time since last request: 3.784936 seconds.
  path: Assets/Prefab/Roads/RoadSegment.prefab
  artifactKey: Guid(7fc0957e9122a2048a13d36a4d399298) Importer(815301076,1909f56bfc062723c751e8b465ee728b)
Start importing Assets/Prefab/Roads/RoadSegment.prefab using Guid(7fc0957e9122a2048a13d36a4d399298) Importer(815301076,1909f56bfc062723c751e8b465ee728b)  -> (artifact id: '561429a4da5d66e4bdd3bd7757721f7c') in 0.108467 seconds 
========================================================================
Received Import Request.
  Time since last request: 0.000026 seconds.
  path: Assets/Prefab/Roads/RoadSegmentWithTrigger3.prefab
  artifactKey: Guid(ccd74c9b8c95d244f8110485bc0481a9) Importer(815301076,1909f56bfc062723c751e8b465ee728b)
Start importing Assets/Prefab/Roads/RoadSegmentWithTrigger3.prefab using Guid(ccd74c9b8c95d244f8110485bc0481a9) Importer(815301076,1909f56bfc062723c751e8b465ee728b)  -> (artifact id: '178f9847e339e6d06f69d9d4ecf813b9') in 0.061299 seconds 
========================================================================
Received Import Request.
  Time since last request: 2.780991 seconds.
  path: Assets/Prefab/Roads/RoadSegment.prefab
  artifactKey: Guid(7fc0957e9122a2048a13d36a4d399298) Importer(815301076,1909f56bfc062723c751e8b465ee728b)
Start importing Assets/Prefab/Roads/RoadSegment.prefab using Guid(7fc0957e9122a2048a13d36a4d399298) Importer(815301076,1909f56bfc062723c751e8b465ee728b)  -> (artifact id: 'dffe9a27e876015dba0d0c2f1716ba08') in 0.043009 seconds 
========================================================================
Received Import Request.
  Time since last request: 0.000026 seconds.
  path: Assets/Prefab/Roads/RoadSegmentWithTrigger4.prefab
  artifactKey: Guid(3aece862a3ae4e54ba1b6c9c1fb752bc) Importer(815301076,1909f56bfc062723c751e8b465ee728b)
Start importing Assets/Prefab/Roads/RoadSegmentWithTrigger4.prefab using Guid(3aece862a3ae4e54ba1b6c9c1fb752bc) Importer(815301076,1909f56bfc062723c751e8b465ee728b)  -> (artifact id: '8642c4c61ffaf4e2c414f677cacf7464') in 0.062211 seconds 
========================================================================
Received Import Request.
  Time since last request: 5.870704 seconds.
  path: Assets/Prefab/Roads/RoadSegment.prefab
  artifactKey: Guid(7fc0957e9122a2048a13d36a4d399298) Importer(815301076,1909f56bfc062723c751e8b465ee728b)
Start importing Assets/Prefab/Roads/RoadSegment.prefab using Guid(7fc0957e9122a2048a13d36a4d399298) Importer(815301076,1909f56bfc062723c751e8b465ee728b)  -> (artifact id: '1dc8e4f0314ffb237f392acf1914ed59') in 0.107556 seconds 
========================================================================
Received Import Request.
  Time since last request: 0.000044 seconds.
  path: Assets/Prefab/Roads/RoadSegmentWithTrigger3.prefab
  artifactKey: Guid(ccd74c9b8c95d244f8110485bc0481a9) Importer(815301076,1909f56bfc062723c751e8b465ee728b)
Start importing Assets/Prefab/Roads/RoadSegmentWithTrigger3.prefab using Guid(ccd74c9b8c95d244f8110485bc0481a9) Importer(815301076,1909f56bfc062723c751e8b465ee728b)  -> (artifact id: '61fed302e95e90e10972c6852a79ca40') in 0.072112 seconds 
========================================================================
Received Import Request.
  Time since last request: 2.893531 seconds.
  path: Assets/Prefab/Roads/RoadSegment.prefab
  artifactKey: Guid(7fc0957e9122a2048a13d36a4d399298) Importer(815301076,1909f56bfc062723c751e8b465ee728b)
Start importing Assets/Prefab/Roads/RoadSegment.prefab using Guid(7fc0957e9122a2048a13d36a4d399298) Importer(815301076,1909f56bfc062723c751e8b465ee728b)  -> (artifact id: '40001fafd80226dc06f75a35aaf9a1db') in 0.046145 seconds 
========================================================================
Received Import Request.
  Time since last request: 0.000025 seconds.
  path: Assets/Prefab/Roads/RoadSegmentWithTrigger4.prefab
  artifactKey: Guid(3aece862a3ae4e54ba1b6c9c1fb752bc) Importer(815301076,1909f56bfc062723c751e8b465ee728b)
Start importing Assets/Prefab/Roads/RoadSegmentWithTrigger4.prefab using Guid(3aece862a3ae4e54ba1b6c9c1fb752bc) Importer(815301076,1909f56bfc062723c751e8b465ee728b)  -> (artifact id: '2e92e54044b22308e6df4062350492f1') in 0.056473 seconds 
========================================================================
Received Import Request.
  Time since last request: 2.572239 seconds.
  path: Assets/Prefab/Roads/RoadSegment.prefab
  artifactKey: Guid(7fc0957e9122a2048a13d36a4d399298) Importer(815301076,1909f56bfc062723c751e8b465ee728b)
Start importing Assets/Prefab/Roads/RoadSegment.prefab using Guid(7fc0957e9122a2048a13d36a4d399298) Importer(815301076,1909f56bfc062723c751e8b465ee728b)  -> (artifact id: 'feddf129ae4abb3d1b38c9dbebd4f375') in 0.063112 seconds 
========================================================================
Received Import Request.
  Time since last request: 0.000026 seconds.
  path: Assets/Prefab/Roads/RoadSegmentWithTrigger3.prefab
  artifactKey: Guid(ccd74c9b8c95d244f8110485bc0481a9) Importer(815301076,1909f56bfc062723c751e8b465ee728b)
Start importing Assets/Prefab/Roads/RoadSegmentWithTrigger3.prefab using Guid(ccd74c9b8c95d244f8110485bc0481a9) Importer(815301076,1909f56bfc062723c751e8b465ee728b)  -> (artifact id: 'c7ed66d97fed26f636da285018b3a483') in 0.058116 seconds 
========================================================================
Received Import Request.
  Time since last request: 4.029141 seconds.
  path: Assets/Prefab/Roads/RoadSegment.prefab
  artifactKey: Guid(7fc0957e9122a2048a13d36a4d399298) Importer(815301076,1909f56bfc062723c751e8b465ee728b)
Start importing Assets/Prefab/Roads/RoadSegment.prefab using Guid(7fc0957e9122a2048a13d36a4d399298) Importer(815301076,1909f56bfc062723c751e8b465ee728b)  -> (artifact id: 'e16ba6db427a26942d739053e4f3d70d') in 0.050101 seconds 
========================================================================
Received Import Request.
  Time since last request: 0.000029 seconds.
  path: Assets/Prefab/Roads/RoadSegmentWithTrigger4.prefab
  artifactKey: Guid(3aece862a3ae4e54ba1b6c9c1fb752bc) Importer(815301076,1909f56bfc062723c751e8b465ee728b)
Start importing Assets/Prefab/Roads/RoadSegmentWithTrigger4.prefab using Guid(3aece862a3ae4e54ba1b6c9c1fb752bc) Importer(815301076,1909f56bfc062723c751e8b465ee728b)  -> (artifact id: '5c023839ce5289756b049b22ba071caf') in 0.072141 seconds 
========================================================================
Received Import Request.
  Time since last request: 5.507385 seconds.
  path: Assets/Prefab/Roads/RoadSegment.prefab
  artifactKey: Guid(7fc0957e9122a2048a13d36a4d399298) Importer(815301076,1909f56bfc062723c751e8b465ee728b)
Start importing Assets/Prefab/Roads/RoadSegment.prefab using Guid(7fc0957e9122a2048a13d36a4d399298) Importer(815301076,1909f56bfc062723c751e8b465ee728b)  -> (artifact id: '02dcba201aa3d74a834107d1f0faf374') in 0.092172 seconds 
========================================================================
Received Import Request.
  Time since last request: 0.000026 seconds.
  path: Assets/Prefab/Roads/RoadSegmentWithTrigger3.prefab
  artifactKey: Guid(ccd74c9b8c95d244f8110485bc0481a9) Importer(815301076,1909f56bfc062723c751e8b465ee728b)
Start importing Assets/Prefab/Roads/RoadSegmentWithTrigger3.prefab using Guid(ccd74c9b8c95d244f8110485bc0481a9) Importer(815301076,1909f56bfc062723c751e8b465ee728b)  -> (artifact id: 'cd1e4bb61f5da752fb82d53073d14271') in 0.045614 seconds 
========================================================================
Received Import Request.
  Time since last request: 1.322244 seconds.
  path: Assets/Prefab/Roads/RoadSegment.prefab
  artifactKey: Guid(7fc0957e9122a2048a13d36a4d399298) Importer(815301076,1909f56bfc062723c751e8b465ee728b)
Start importing Assets/Prefab/Roads/RoadSegment.prefab using Guid(7fc0957e9122a2048a13d36a4d399298) Importer(815301076,1909f56bfc062723c751e8b465ee728b)  -> (artifact id: 'e4bf6e0e7ed69b035531189996116c13') in 0.032415 seconds 
========================================================================
Received Import Request.
  Time since last request: 0.000032 seconds.
  path: Assets/Prefab/Roads/RoadSegmentWithTrigger4.prefab
  artifactKey: Guid(3aece862a3ae4e54ba1b6c9c1fb752bc) Importer(815301076,1909f56bfc062723c751e8b465ee728b)
Start importing Assets/Prefab/Roads/RoadSegmentWithTrigger4.prefab using Guid(3aece862a3ae4e54ba1b6c9c1fb752bc) Importer(815301076,1909f56bfc062723c751e8b465ee728b)  -> (artifact id: 'a7f7889e274aae8110e4a82901a55ed0') in 0.039760 seconds 
========================================================================
Received Import Request.
  Time since last request: 1.401134 seconds.
  path: Assets/Prefab/Roads/RoadSegment.prefab
  artifactKey: Guid(7fc0957e9122a2048a13d36a4d399298) Importer(815301076,1909f56bfc062723c751e8b465ee728b)
Start importing Assets/Prefab/Roads/RoadSegment.prefab using Guid(7fc0957e9122a2048a13d36a4d399298) Importer(815301076,1909f56bfc062723c751e8b465ee728b)  -> (artifact id: '6b241969301ce7c9faf9c442cb8a69d7') in 0.074831 seconds 
========================================================================
Received Import Request.
  Time since last request: 0.000041 seconds.
  path: Assets/Prefab/Roads/RoadSegmentWithTrigger3.prefab
  artifactKey: Guid(ccd74c9b8c95d244f8110485bc0481a9) Importer(815301076,1909f56bfc062723c751e8b465ee728b)
Start importing Assets/Prefab/Roads/RoadSegmentWithTrigger3.prefab using Guid(ccd74c9b8c95d244f8110485bc0481a9) Importer(815301076,1909f56bfc062723c751e8b465ee728b)  -> (artifact id: 'd393ad00cc9aa5d6eee4102439f11b00') in 0.055782 seconds 
========================================================================
Received Import Request.
  Time since last request: 14.867775 seconds.
  path: Assets/Prefab/Roads/RoadSegment.prefab
  artifactKey: Guid(7fc0957e9122a2048a13d36a4d399298) Importer(815301076,1909f56bfc062723c751e8b465ee728b)
Start importing Assets/Prefab/Roads/RoadSegment.prefab using Guid(7fc0957e9122a2048a13d36a4d399298) Importer(815301076,1909f56bfc062723c751e8b465ee728b)  -> (artifact id: '77343a570c6823e6f557ecdd26f1822e') in 0.076674 seconds 
========================================================================
Received Import Request.
  Time since last request: 0.000024 seconds.
  path: Assets/Prefab/Roads/RoadSegmentWithTrigger3.prefab
  artifactKey: Guid(ccd74c9b8c95d244f8110485bc0481a9) Importer(815301076,1909f56bfc062723c751e8b465ee728b)
Start importing Assets/Prefab/Roads/RoadSegmentWithTrigger3.prefab using Guid(ccd74c9b8c95d244f8110485bc0481a9) Importer(815301076,1909f56bfc062723c751e8b465ee728b)  -> (artifact id: '76573354f35643f2cbf4fba22882ef53') in 0.077711 seconds 
========================================================================
Received Import Request.
  Time since last request: 9.139031 seconds.
  path: Assets/Prefab/Roads/RoadSegment.prefab
  artifactKey: Guid(7fc0957e9122a2048a13d36a4d399298) Importer(815301076,1909f56bfc062723c751e8b465ee728b)
Start importing Assets/Prefab/Roads/RoadSegment.prefab using Guid(7fc0957e9122a2048a13d36a4d399298) Importer(815301076,1909f56bfc062723c751e8b465ee728b)  -> (artifact id: 'a629df546d2a5e1327ca1e403ada5e12') in 0.136557 seconds 
========================================================================
Received Import Request.
  Time since last request: 0.000045 seconds.
  path: Assets/Prefab/Roads/RoadSegmentWithTrigger2.prefab
  artifactKey: Guid(de5e8e121dfecee45acbcdb116a67384) Importer(815301076,1909f56bfc062723c751e8b465ee728b)
Start importing Assets/Prefab/Roads/RoadSegmentWithTrigger2.prefab using Guid(de5e8e121dfecee45acbcdb116a67384) Importer(815301076,1909f56bfc062723c751e8b465ee728b)  -> (artifact id: '550f6cc57950405ab44496da5e2c103a') in 0.036610 seconds 
========================================================================
Received Import Request.
  Time since last request: 19.117676 seconds.
  path: Assets/Prefab/Roads/RoadSegment.prefab
  artifactKey: Guid(7fc0957e9122a2048a13d36a4d399298) Importer(815301076,1909f56bfc062723c751e8b465ee728b)
Start importing Assets/Prefab/Roads/RoadSegment.prefab using Guid(7fc0957e9122a2048a13d36a4d399298) Importer(815301076,1909f56bfc062723c751e8b465ee728b)  -> (artifact id: 'ebc1f60fa16860a3417b085355db7d95') in 0.047799 seconds 
========================================================================
Received Import Request.
  Time since last request: 0.000021 seconds.
  path: Assets/Prefab/Roads/RoadSegmentWithTrigger4.prefab
  artifactKey: Guid(3aece862a3ae4e54ba1b6c9c1fb752bc) Importer(815301076,1909f56bfc062723c751e8b465ee728b)
Start importing Assets/Prefab/Roads/RoadSegmentWithTrigger4.prefab using Guid(3aece862a3ae4e54ba1b6c9c1fb752bc) Importer(815301076,1909f56bfc062723c751e8b465ee728b)  -> (artifact id: 'cbecc1940626fe4698dea4b280981e5e') in 0.077558 seconds 
========================================================================
Received Import Request.
  Time since last request: 29.219117 seconds.
  path: Assets/Prefab/Roads/RoadSegment.prefab
  artifactKey: Guid(7fc0957e9122a2048a13d36a4d399298) Importer(815301076,1909f56bfc062723c751e8b465ee728b)
Start importing Assets/Prefab/Roads/RoadSegment.prefab using Guid(7fc0957e9122a2048a13d36a4d399298) Importer(815301076,1909f56bfc062723c751e8b465ee728b)  -> (artifact id: 'b13cda980f9d372978fa746d09676730') in 0.088136 seconds 
========================================================================
Received Import Request.
  Time since last request: 0.000030 seconds.
  path: Assets/Prefab/Roads/RoadSegmentWithTrigger3.prefab
  artifactKey: Guid(ccd74c9b8c95d244f8110485bc0481a9) Importer(815301076,1909f56bfc062723c751e8b465ee728b)
Start importing Assets/Prefab/Roads/RoadSegmentWithTrigger3.prefab using Guid(ccd74c9b8c95d244f8110485bc0481a9) Importer(815301076,1909f56bfc062723c751e8b465ee728b)  -> (artifact id: 'b03de26871215a0d27f16363588730c8') in 0.066119 seconds 
========================================================================
Received Import Request.
  Time since last request: 2.225779 seconds.
  path: Assets/Prefab/Roads/RoadSegment.prefab
  artifactKey: Guid(7fc0957e9122a2048a13d36a4d399298) Importer(815301076,1909f56bfc062723c751e8b465ee728b)
Start importing Assets/Prefab/Roads/RoadSegment.prefab using Guid(7fc0957e9122a2048a13d36a4d399298) Importer(815301076,1909f56bfc062723c751e8b465ee728b)  -> (artifact id: 'e0592118e6e5c60996224ac37431c24e') in 0.037031 seconds 
========================================================================
Received Import Request.
  Time since last request: 0.000026 seconds.
  path: Assets/Prefab/Roads/RoadSegmentWithTrigger4.prefab
  artifactKey: Guid(3aece862a3ae4e54ba1b6c9c1fb752bc) Importer(815301076,1909f56bfc062723c751e8b465ee728b)
Start importing Assets/Prefab/Roads/RoadSegmentWithTrigger4.prefab using Guid(3aece862a3ae4e54ba1b6c9c1fb752bc) Importer(815301076,1909f56bfc062723c751e8b465ee728b)  -> (artifact id: '5dac1671cf721124b94fa8593be7489d') in 0.049273 seconds 
========================================================================
Received Import Request.
  Time since last request: 1.606376 seconds.
  path: Assets/Prefab/Roads/RoadSegment.prefab
  artifactKey: Guid(7fc0957e9122a2048a13d36a4d399298) Importer(815301076,1909f56bfc062723c751e8b465ee728b)
Start importing Assets/Prefab/Roads/RoadSegment.prefab using Guid(7fc0957e9122a2048a13d36a4d399298) Importer(815301076,1909f56bfc062723c751e8b465ee728b)  -> (artifact id: 'def720512f047b56052b4e26965e44fc') in 0.068100 seconds 
========================================================================
Received Import Request.
  Time since last request: 0.000028 seconds.
  path: Assets/Prefab/Roads/RoadSegmentWithTrigger3.prefab
  artifactKey: Guid(ccd74c9b8c95d244f8110485bc0481a9) Importer(815301076,1909f56bfc062723c751e8b465ee728b)
Start importing Assets/Prefab/Roads/RoadSegmentWithTrigger3.prefab using Guid(ccd74c9b8c95d244f8110485bc0481a9) Importer(815301076,1909f56bfc062723c751e8b465ee728b)  -> (artifact id: '24e7fbd07aa66e4708798871ee5eaa45') in 0.059703 seconds 
========================================================================
Received Import Request.
  Time since last request: 2.356169 seconds.
  path: Assets/Prefab/Roads/RoadSegment.prefab
  artifactKey: Guid(7fc0957e9122a2048a13d36a4d399298) Importer(815301076,1909f56bfc062723c751e8b465ee728b)
Start importing Assets/Prefab/Roads/RoadSegment.prefab using Guid(7fc0957e9122a2048a13d36a4d399298) Importer(815301076,1909f56bfc062723c751e8b465ee728b)  -> (artifact id: '0187349c63dd0dbce6bcac9f2a944d8a') in 0.444756 seconds 
========================================================================
Received Import Request.
  Time since last request: 0.000023 seconds.
  path: Assets/Prefab/Roads/RoadSegmentWithTrigger4.prefab
  artifactKey: Guid(3aece862a3ae4e54ba1b6c9c1fb752bc) Importer(815301076,1909f56bfc062723c751e8b465ee728b)
Start importing Assets/Prefab/Roads/RoadSegmentWithTrigger4.prefab using Guid(3aece862a3ae4e54ba1b6c9c1fb752bc) Importer(815301076,1909f56bfc062723c751e8b465ee728b)  -> (artifact id: '434b2126792007c82945c00411679831') in 0.045319 seconds 
========================================================================
Received Import Request.
  Time since last request: 7.381738 seconds.
  path: Assets/Prefab/Roads/RoadSegment.prefab
  artifactKey: Guid(7fc0957e9122a2048a13d36a4d399298) Importer(815301076,1909f56bfc062723c751e8b465ee728b)
Start importing Assets/Prefab/Roads/RoadSegment.prefab using Guid(7fc0957e9122a2048a13d36a4d399298) Importer(815301076,1909f56bfc062723c751e8b465ee728b)  -> (artifact id: '6e6ddb87980a60ad7e9bae65e845a058') in 0.048103 seconds 
========================================================================
Received Import Request.
  Time since last request: 0.000033 seconds.
  path: Assets/Prefab/Roads/RoadSegmentWithTrigger4.prefab
  artifactKey: Guid(3aece862a3ae4e54ba1b6c9c1fb752bc) Importer(815301076,1909f56bfc062723c751e8b465ee728b)
Start importing Assets/Prefab/Roads/RoadSegmentWithTrigger4.prefab using Guid(3aece862a3ae4e54ba1b6c9c1fb752bc) Importer(815301076,1909f56bfc062723c751e8b465ee728b)  -> (artifact id: 'c41828742d663749bdd47c1bfa5f27a8') in 0.049607 seconds 
========================================================================
Received Import Request.
  Time since last request: 11.065370 seconds.
  path: Assets/Prefab/Roads/RoadSegment.prefab
  artifactKey: Guid(7fc0957e9122a2048a13d36a4d399298) Importer(815301076,1909f56bfc062723c751e8b465ee728b)
Start importing Assets/Prefab/Roads/RoadSegment.prefab using Guid(7fc0957e9122a2048a13d36a4d399298) Importer(815301076,1909f56bfc062723c751e8b465ee728b)  -> (artifact id: 'e6f6685d765309a987ed6f2f896343b5') in 0.046523 seconds 
========================================================================
Received Import Request.
  Time since last request: 0.000025 seconds.
  path: Assets/Prefab/Roads/RoadSegmentWithTrigger4.prefab
  artifactKey: Guid(3aece862a3ae4e54ba1b6c9c1fb752bc) Importer(815301076,1909f56bfc062723c751e8b465ee728b)
Start importing Assets/Prefab/Roads/RoadSegmentWithTrigger4.prefab using Guid(3aece862a3ae4e54ba1b6c9c1fb752bc) Importer(815301076,1909f56bfc062723c751e8b465ee728b)  -> (artifact id: '69f8fb196be4cc051cfdbdda74347b16') in 0.070422 seconds 
========================================================================
Received Prepare
Registering precompiled user dll's ...
Registered in 0.004689 seconds.
Begin MonoManager ReloadAssembly
Symbol file LoadedFromMemory doesn't match image D:\Dima\Programming\Unity\Low Poly shooter\DrivingSimulator\Library\PackageCache\com.unity.visualscripting@1.7.8\Editor\VisualScripting.Core\Dependencies\YamlDotNet\Unity.VisualScripting.YamlDotNet.dll
Symbol file LoadedFromMemory doesn't match image D:\Dima\Programming\Unity\Low Poly shooter\DrivingSimulator\Library\PackageCache\com.unity.visualscripting@1.7.8\Editor\VisualScripting.Core\Dependencies\DotNetZip\Unity.VisualScripting.IonicZip.dll
Native extension for WindowsStandalone target not found
Refreshing native plugins compatible for Editor in 1.17 ms, found 3 plugins.
Preloading 0 native plugins for Editor in 0.00 ms.
Mono: successfully reloaded assembly
- Completed reload, in  1.401 seconds
Domain Reload Profiling:
	ReloadAssembly (1402ms)
		BeginReloadAssembly (169ms)
			ExecutionOrderSort (0ms)
			DisableScriptedObjects (8ms)
			BackupInstance (0ms)
			ReleaseScriptingObjects (0ms)
			CreateAndSetChildDomain (53ms)
		EndReloadAssembly (1119ms)
			LoadAssemblies (95ms)
			RebuildTransferFunctionScriptingTraits (0ms)
			SetupTypeCache (359ms)
			ReleaseScriptCaches (2ms)
			RebuildScriptCaches (74ms)
			SetupLoadedEditorAssemblies (502ms)
				LogAssemblyErrors (0ms)
				InitializePlatformSupportModulesInManaged (18ms)
				SetLoadedEditorAssemblies (1ms)
				RefreshPlugins (1ms)
				BeforeProcessingInitializeOnLoad (95ms)
				ProcessInitializeOnLoadAttributes (342ms)
				ProcessInitializeOnLoadMethodAttributes (40ms)
				AfterProcessingInitializeOnLoad (5ms)
				EditorAssembliesLoaded (0ms)
			ExecutionOrderSort2 (0ms)
			AwakeInstancesAfterBackupRestoration (9ms)
Platform modules already initialized, skipping
Refreshing native plugins compatible for Editor in 3.35 ms, found 3 plugins.
Preloading 0 native plugins for Editor in 0.00 ms.
Unloading 3375 Unused Serialized files (Serialized files now loaded: 0)
Unloading 20 unused Assets / (80.3 KB). Loaded Objects now: 3876.
Memory consumption went from 126.3 MB to 126.2 MB.
Total: 4.362700 ms (FindLiveObjects: 0.297500 ms CreateObjectMapping: 0.114800 ms MarkObjects: 3.832900 ms  DeleteObjects: 0.116300 ms)

AssetImportParameters requested are different than current active one (requested -> active):
  custom:video-decoder-ogg-theora: a1e56fd34408186e4bbccfd4996cb3dc -> 
  custom:container-muxer-webm: aa71ff27fc2769a1b78a27578f13a17b -> 
  custom:container-demuxer-webm: 4f35f7cbe854078d1ac9338744f61a02 -> 
  custom:video-encoder-webm-vp8: eb34c28f22e8b96e1ab97ce403110664 -> 
  custom:audio-encoder-webm-vorbis: bf7c407c2cedff20999df2af8eb42d56 -> 
  custom:framework-win-MediaFoundation: 216162199b28c13a410421893ffa2e32 -> 
  custom:container-demuxer-ogg: 62fdf1f143b41e24485cea50d1cbac27 -> 
  custom:video-decoder-webm-vp8: 9c59270c3fd7afecdb556c50c9e8de78 -> 
  custom:audio-decoder-ogg-vorbis: bf7c407c2cedff20999df2af8eb42d56 -> 
========================================================================
Received Prepare
Registering precompiled user dll's ...
Registered in 0.005139 seconds.
Begin MonoManager ReloadAssembly
Symbol file LoadedFromMemory doesn't match image D:\Dima\Programming\Unity\Low Poly shooter\DrivingSimulator\Library\PackageCache\com.unity.visualscripting@1.7.8\Editor\VisualScripting.Core\Dependencies\YamlDotNet\Unity.VisualScripting.YamlDotNet.dll
Symbol file LoadedFromMemory doesn't match image D:\Dima\Programming\Unity\Low Poly shooter\DrivingSimulator\Library\PackageCache\com.unity.visualscripting@1.7.8\Editor\VisualScripting.Core\Dependencies\DotNetZip\Unity.VisualScripting.IonicZip.dll
Native extension for WindowsStandalone target not found
Refreshing native plugins compatible for Editor in 1.03 ms, found 3 plugins.
Preloading 0 native plugins for Editor in 0.00 ms.
Mono: successfully reloaded assembly
- Completed reload, in  1.425 seconds
Domain Reload Profiling:
	ReloadAssembly (1426ms)
		BeginReloadAssembly (156ms)
			ExecutionOrderSort (0ms)
			DisableScriptedObjects (8ms)
			BackupInstance (0ms)
			ReleaseScriptingObjects (0ms)
			CreateAndSetChildDomain (43ms)
		EndReloadAssembly (1143ms)
			LoadAssemblies (91ms)
			RebuildTransferFunctionScriptingTraits (0ms)
			SetupTypeCache (362ms)
			ReleaseScriptCaches (2ms)
			RebuildScriptCaches (69ms)
			SetupLoadedEditorAssemblies (529ms)
				LogAssemblyErrors (0ms)
				InitializePlatformSupportModulesInManaged (19ms)
				SetLoadedEditorAssemblies (1ms)
				RefreshPlugins (1ms)
				BeforeProcessingInitializeOnLoad (96ms)
				ProcessInitializeOnLoadAttributes (364ms)
				ProcessInitializeOnLoadMethodAttributes (43ms)
				AfterProcessingInitializeOnLoad (5ms)
				EditorAssembliesLoaded (1ms)
			ExecutionOrderSort2 (0ms)
			AwakeInstancesAfterBackupRestoration (10ms)
Platform modules already initialized, skipping
Refreshing native plugins compatible for Editor in 2.33 ms, found 3 plugins.
Preloading 0 native plugins for Editor in 0.00 ms.
Unloading 3375 Unused Serialized files (Serialized files now loaded: 0)
Unloading 20 unused Assets / (80.3 KB). Loaded Objects now: 3879.
Memory consumption went from 126.3 MB to 126.2 MB.
Total: 4.086600 ms (FindLiveObjects: 0.333400 ms CreateObjectMapping: 0.117300 ms MarkObjects: 3.512300 ms  DeleteObjects: 0.122400 ms)

AssetImportParameters requested are different than current active one (requested -> active):
  custom:video-decoder-ogg-theora: a1e56fd34408186e4bbccfd4996cb3dc -> 
  custom:container-muxer-webm: aa71ff27fc2769a1b78a27578f13a17b -> 
  custom:container-demuxer-webm: 4f35f7cbe854078d1ac9338744f61a02 -> 
  custom:video-encoder-webm-vp8: eb34c28f22e8b96e1ab97ce403110664 -> 
  custom:audio-encoder-webm-vorbis: bf7c407c2cedff20999df2af8eb42d56 -> 
  custom:framework-win-MediaFoundation: 216162199b28c13a410421893ffa2e32 -> 
  custom:container-demuxer-ogg: 62fdf1f143b41e24485cea50d1cbac27 -> 
  custom:video-decoder-webm-vp8: 9c59270c3fd7afecdb556c50c9e8de78 -> 
  custom:audio-decoder-ogg-vorbis: bf7c407c2cedff20999df2af8eb42d56 -> 
Editor requested this worker to shutdown with reason: Scaling down because of idle timeout
AssetImportWorker is now disconnected from the server
Process exiting
Exiting without the bug reporter. Application will terminate with return code 0